[0m[[0m[0mdebug[0m] [0m[0m> Exec(run, Some(a5864457-61dc-44ba-95b9-3bd456b3ee2a), Some(CommandSource(console0)))[0m
[0m[[0m[0mdebug[0m] [0m[0mEvaluating tasks: Compile / run[0m
[0m[[0m[0mdebug[0m] [0m[0mRunning task... Cancel: Signal, check cycles: false, forcegc: true[0m
[0m[[0m[0minfo[0m] [0m[0mcompiling 1 Scala source to /run/media/file1/MEGA/Main/git/scala-mustache/target/scala-2.13/classes ...[0m
[0m[[0m[31merror[0m] [0m[0m/run/media/file1/MEGA/Main/git/scala-mustache/src/main/scala/Mustache.scala:3:8: object MapLike is not a member of package collection[0m
[0m[[0m[31merror[0m] [0m[0mimport scala.collection.MapLike[0m
[0m[[0m[31merror[0m] [0m[0m       ^[0m
[0m[[0m[31merror[0m] [0m[0m/run/media/file1/MEGA/Main/git/scala-mustache/src/main/scala/Mustache.scala:430:16: not found: type MapLike[0m
[0m[[0m[31merror[0m] [0m[0m        case m:MapLike[_, _, _] => m[0m
[0m[[0m[31merror[0m] [0m[0m               ^[0m
[0m[[0m[31merror[0m] [0m[0m/run/media/file1/MEGA/Main/git/scala-mustache/src/main/scala/Mustache.scala:448:22: not found: type MapLike[0m
[0m[[0m[31merror[0m] [0m[0m            case m : MapLike[String,_,_] =>[0m
[0m[[0m[31merror[0m] [0m[0m                     ^[0m
[0m[[0m[31merror[0m] [0m[0m/run/media/file1/MEGA/Main/git/scala-mustache/src/main/scala/Mustache.scala:449:17: value get is not a member of Any[0m
[0m[[0m[31merror[0m] [0m[0m              m.get(key) match {[0m
[0m[[0m[31merror[0m] [0m[0m                ^[0m
[0m[[0m[33mwarn[0m] [0m[0m/run/media/file1/MEGA/Main/git/scala-mustache/src/main/scala/Mustache.scala:432:16: non-variable type argument String in type pattern String => _ is unchecked since it is eliminated by erasure[0m
[0m[[0m[33mwarn[0m] [0m[0m        case f:Function1[String, _] => [0m
[0m[[0m[33mwarn[0m] [0m[0m               ^[0m
[0m[[0m[33mwarn[0m] [0m[0m/run/media/file1/MEGA/Main/git/scala-mustache/src/main/scala/Mustache.scala:435:16: the type test for pattern (String, String => String) => _ cannot be checked at runtime because it has type parameters eliminated by erasure[0m
[0m[[0m[33mwarn[0m] [0m[0m        case f:Function2[String, Function1[String,String], _] => [0m
[0m[[0m[33mwarn[0m] [0m[0m               ^[0m
[0m[[0m[33mwarn[0m] [0m[0mtwo warnings found[0m
[0m[[0m[31merror[0m] [0m[0mfour errors found[0m
[0m[[0m[31merror[0m] [0m[0m(Compile / [31mcompileIncremental[0m) Compilation failed[0m
[0m[[0m[31merror[0m] [0m[0mTotal time: 1 s, completed 11 Jul 2022, 17:05:31[0m
[0m[[0m[0mdebug[0m] [0m[0m> Exec(shell, None, None)[0m
[0m[[0m[0minfo[0m] [0m[0mshutting down sbt server[0m
